<?xml version="1.0" encoding="UTF-8"?>
<testng-results skipped="0" failed="0" ignored="0" total="2" passed="2">
  <reporter-output>
  </reporter-output>
  <suite name="Suite" duration-ms="28522" started-at="2021-11-07T17:29:00 IST" finished-at="2021-11-07T17:29:28 IST">
    <groups>
    </groups>
    <test name="Test" duration-ms="28522" started-at="2021-11-07T17:29:00 IST" finished-at="2021-11-07T17:29:28 IST">
      <class name="com.inetbanking.testCases.TC_LoginTest_001">
        <test-method status="PASS" signature="setup(java.lang.String)[pri:0, instance:com.inetbanking.testCases.TC_LoginTest_001@6ebc05a6]" name="setup" is-config="true" duration-ms="5876" started-at="2021-11-07T17:29:00 IST" finished-at="2021-11-07T17:29:06 IST">
          <params>
            <param index="0">
              <value>
                <![CDATA[chrome]]>
              </value>
            </param>
          </params>
          <reporter-output>
          </reporter-output>
        </test-method> <!-- setup -->
        <test-method status="PASS" signature="loginTest()[pri:0, instance:com.inetbanking.testCases.TC_LoginTest_001@6ebc05a6]" name="loginTest" duration-ms="1304" started-at="2021-11-07T17:29:06 IST" finished-at="2021-11-07T17:29:07 IST">
          <reporter-output>
          </reporter-output>
        </test-method> <!-- loginTest -->
        <test-method status="PASS" signature="tearDown()[pri:0, instance:com.inetbanking.testCases.TC_LoginTest_001@6ebc05a6]" name="tearDown" is-config="true" duration-ms="734" started-at="2021-11-07T17:29:07 IST" finished-at="2021-11-07T17:29:08 IST">
          <reporter-output>
          </reporter-output>
        </test-method> <!-- tearDown -->
      </class> <!-- com.inetbanking.testCases.TC_LoginTest_001 -->
      <class name="com.inetbanking.testCases.TC_AddCustomerTest_003">
        <test-method status="PASS" signature="setup(java.lang.String)[pri:0, instance:com.inetbanking.testCases.TC_AddCustomerTest_003@6e6c3152]" name="setup" is-config="true" duration-ms="4235" started-at="2021-11-07T17:29:08 IST" finished-at="2021-11-07T17:29:12 IST">
          <params>
            <param index="0">
              <value>
                <![CDATA[chrome]]>
              </value>
            </param>
          </params>
          <reporter-output>
          </reporter-output>
        </test-method> <!-- setup -->
        <test-method status="PASS" signature="addNewCustomer()[pri:0, instance:com.inetbanking.testCases.TC_AddCustomerTest_003@6e6c3152]" name="addNewCustomer" duration-ms="15432" started-at="2021-11-07T17:29:12 IST" finished-at="2021-11-07T17:29:27 IST">
          <reporter-output>
          </reporter-output>
        </test-method> <!-- addNewCustomer -->
        <test-method status="PASS" signature="tearDown()[pri:0, instance:com.inetbanking.testCases.TC_AddCustomerTest_003@6e6c3152]" name="tearDown" is-config="true" duration-ms="697" started-at="2021-11-07T17:29:27 IST" finished-at="2021-11-07T17:29:28 IST">
          <reporter-output>
          </reporter-output>
        </test-method> <!-- tearDown -->
      </class> <!-- com.inetbanking.testCases.TC_AddCustomerTest_003 -->
    </test> <!-- Test -->
  </suite> <!-- Suite -->
</testng-results>
